Arguments: 
  C:\Program Files\nodejs\node.exe C:\Users\dinha\AppData\Roaming\npm\node_modules\yarn\bin\yarn.js

PATH: 
  C:\Program Files\Common Files\Oracle\Java\javapath;C:\Windows\system32;C:\Windows;C:\Windows\System32\Wbem;C:\Windows\System32\WindowsPowerShell\v1.0\;C:\Windows\System32\OpenSSH\;C:\Program Files (x86)\NVIDIA Corporation\PhysX\Common;C:\Program Files\NVIDIA Corporation\NVIDIA NvDLISR;C:\WINDOWS\system32;C:\WINDOWS;C:\WINDOWS\System32\Wbem;C:\WINDOWS\System32\WindowsPowerShell\v1.0\;C:\WINDOWS\System32\OpenSSH\;D:\Nvm\nvm;C:\Program Files\nodejs;C:\Program Files\Java\jdk-11\bin;E:\XAMPP\php;D:\Composer;C:\Program Files\Git\cmd;C:\Users\dinha\AppData\Local\Microsoft\WindowsApps;D:\VSCODE\Microsoft VS Code\bin;D:\Nodejs;C:\Users\dinha\AppData\Roaming\npm;C:\Users\dinha\AppData\Local\Android\Sdk\platform-tools;C:\Users\dinha\AppData\Roaming\Composer\vendor\bin;D:\flutter\bin;C:\Users\dinha\AppData\Local\Programs\Microsoft VS Code\bin;D:\Python\Scripts;C:\Users\dinha\AppData\Local\Pub\Cache\bin

Yarn version: 
  1.22.19

Node version: 
  16.10.0

Platform: 
  win32 x64

Trace: 
  Error: EPERM: operation not permitted, unlink 'F:\YOUCDI\Server\SocketIO\node_modules\@tensorflow\.tfjs-backend-cpu-oiopt10c\dist\backend_cpu.d.ts'

npm manifest: 
  {
    "name": "zoom-api",
    "version": "1.0.0",
    "description": "zoom",
    "main": "index.js",
    "scripts": {
      "test": "echo \"Error: no test specified\" && exit 1"
    },
    "author": "",
    "license": "ISC",
    "dependencies": {
      "@socket.io/admin-ui": "^0.5.1",
      "axios": "^1.1.3",
      "express": "^4.18.2",
      "natural": "^6.2.0",
      "nltk": "^0.0.1",
      "regex-tokenizer": "^1.0.1",
      "socket.io": "^4.5.3",
      "string-similarity": "^4.0.4"
    }
  }

yarn manifest: 
  No manifest

Lockfile: 
  No lockfile
